15:58:49.331 [http-nio-8080-exec-5] INFO  c.example.task.aspect.AspectLogging - Username: jlet4uk - ENTER:com.example.task.service.impl.ApplicationServiceAuditImpl.create()
15:58:49.340 [http-nio-8080-exec-5] WARN  o.h.e.jdbc.spi.SqlExceptionHelper - SQL Error: 0, SQLState: 42703
15:58:49.340 [http-nio-8080-exec-5] ERROR o.h.e.jdbc.spi.SqlExceptionHelper - ERROR: column "dtype" of relation "application" does not exist
  Position: 115
15:58:50.779 [http-nio-8080-exec-6] INFO  c.example.task.aspect.AspectLogging - Username: jlet4uk - ENTER:com.example.task.service.impl.ApplicationServiceAuditImpl.create()
15:58:50.782 [http-nio-8080-exec-6] WARN  o.h.e.jdbc.spi.SqlExceptionHelper - SQL Error: 0, SQLState: 42703
15:58:50.782 [http-nio-8080-exec-6] ERROR o.h.e.jdbc.spi.SqlExceptionHelper - ERROR: column "dtype" of relation "application" does not exist
  Position: 115
15:58:59.205 [http-nio-8080-exec-7] INFO  c.example.task.aspect.AspectLogging - Username: jlet4uk - ENTER:com.example.task.service.impl.ApplicationServiceAuditImpl.create()
15:58:59.209 [http-nio-8080-exec-7] WARN  o.h.e.jdbc.spi.SqlExceptionHelper - SQL Error: 0, SQLState: 42703
15:58:59.209 [http-nio-8080-exec-7] ERROR o.h.e.jdbc.spi.SqlExceptionHelper - ERROR: column "dtype" of relation "application" does not exist
  Position: 115
15:59:37.209 [SpringApplicationShutdownHook] INFO  o.s.o.j.LocalContainerEntityManagerFactoryBean - Closing JPA EntityManagerFactory for persistence unit 'default'
15:59:37.213 [SpringApplicationShutdownHook] INFO  com.zaxxer.hikari.HikariDataSource - HikariPool-1 - Shutdown initiated...
15:59:37.215 [SpringApplicationShutdownHook] INFO  com.zaxxer.hikari.HikariDataSource - HikariPool-1 - Shutdown completed.
15:59:40.982 [main] INFO  com.example.task.TaskApplication - Starting TaskApplication using Java 17.0.9 with PID 87460 (/Users/sarinzankazbekov/IdeaProjects/Task/target/classes started by sarinzankazbekov in /Users/sarinzankazbekov/IdeaProjects/Task)
15:59:40.983 [main] INFO  com.example.task.TaskApplication - No active profile set, falling back to 1 default profile: "default"
15:59:41.597 [main] INFO  o.s.d.r.c.RepositoryConfigurationDelegate - Multiple Spring Data modules found, entering strict repository configuration mode
15:59:41.598 [main] INFO  o.s.d.r.c.RepositoryConfigurationDelegate - Bootstrapping Spring Data JPA repositories in DEFAULT mode.
15:59:41.715 [main] INFO  o.s.d.r.c.RepositoryConfigurationDelegate - Finished Spring Data repository scanning in 111 ms. Found 4 JPA repository interfaces.
15:59:41.728 [main] INFO  o.s.d.r.c.RepositoryConfigurationDelegate - Multiple Spring Data modules found, entering strict repository configuration mode
15:59:41.729 [main] INFO  o.s.d.r.c.RepositoryConfigurationDelegate - Bootstrapping Spring Data Redis repositories in DEFAULT mode.
15:59:41.739 [main] INFO  o.s.d.r.c.RepositoryConfigurationExtensionSupport - Spring Data Redis - Could not safely identify store assignment for repository candidate interface com.example.task.repository.ApplicationAuditRepository; If you want this repository to be a Redis repository, consider annotating your entities with one of these annotations: org.springframework.data.redis.core.RedisHash (preferred), or consider extending one of the following types with your repository: org.springframework.data.keyvalue.repository.KeyValueRepository
15:59:41.739 [main] INFO  o.s.d.r.c.RepositoryConfigurationExtensionSupport - Spring Data Redis - Could not safely identify store assignment for repository candidate interface com.example.task.repository.ApplicationRepository; If you want this repository to be a Redis repository, consider annotating your entities with one of these annotations: org.springframework.data.redis.core.RedisHash (preferred), or consider extending one of the following types with your repository: org.springframework.data.keyvalue.repository.KeyValueRepository
15:59:41.739 [main] INFO  o.s.d.r.c.RepositoryConfigurationExtensionSupport - Spring Data Redis - Could not safely identify store assignment for repository candidate interface com.example.task.repository.AttachmentRepository; If you want this repository to be a Redis repository, consider annotating your entities with one of these annotations: org.springframework.data.redis.core.RedisHash (preferred), or consider extending one of the following types with your repository: org.springframework.data.keyvalue.repository.KeyValueRepository
15:59:41.739 [main] INFO  o.s.d.r.c.RepositoryConfigurationExtensionSupport - Spring Data Redis - Could not safely identify store assignment for repository candidate interface com.example.task.repository.UsersRepository; If you want this repository to be a Redis repository, consider annotating your entities with one of these annotations: org.springframework.data.redis.core.RedisHash (preferred), or consider extending one of the following types with your repository: org.springframework.data.keyvalue.repository.KeyValueRepository
15:59:41.739 [main] INFO  o.s.d.r.c.RepositoryConfigurationDelegate - Finished Spring Data repository scanning in 5 ms. Found 0 Redis repository interfaces.
15:59:42.238 [main] INFO  o.s.b.w.e.tomcat.TomcatWebServer - Tomcat initialized with port 8080 (http)
15:59:42.244 [main] INFO  o.a.coyote.http11.Http11NioProtocol - Initializing ProtocolHandler ["http-nio-8080"]
15:59:42.245 [main] INFO  o.a.catalina.core.StandardService - Starting service [Tomcat]
15:59:42.246 [main] INFO  o.a.catalina.core.StandardEngine - Starting Servlet engine: [Apache Tomcat/10.1.20]
15:59:42.283 [main] INFO  o.a.c.c.C.[Tomcat].[localhost].[/] - Initializing Spring embedded WebApplicationContext
15:59:42.284 [main] INFO  o.s.b.w.s.c.ServletWebServerApplicationContext - Root WebApplicationContext: initialization completed in 1273 ms
15:59:42.527 [main] INFO  com.zaxxer.hikari.HikariDataSource - HikariPool-1 - Starting...
15:59:42.607 [main] INFO  com.zaxxer.hikari.pool.HikariPool - HikariPool-1 - Added connection org.postgresql.jdbc.PgConnection@1c58d7be
15:59:42.609 [main] INFO  com.zaxxer.hikari.HikariDataSource - HikariPool-1 - Start completed.
15:59:42.659 [main] INFO  o.f.c.i.license.VersionPrinter - Flyway Community Edition 9.22.3 by Redgate
15:59:42.659 [main] INFO  o.f.c.i.license.VersionPrinter - See release notes here: https://rd.gt/416ObMi
15:59:42.660 [main] INFO  o.f.c.i.license.VersionPrinter - 
15:59:42.670 [main] INFO  org.flywaydb.core.FlywayExecutor - Database: jdbc:postgresql://localhost:5432/application (PostgreSQL 10.21)
15:59:42.703 [main] INFO  o.f.core.internal.command.DbValidate - Successfully validated 2 migrations (execution time 00:00.017s)
15:59:42.732 [main] INFO  o.f.core.internal.command.DbMigrate - Current version of schema "public": 1.1719126431
15:59:42.734 [main] INFO  o.f.core.internal.command.DbMigrate - Schema "public" is up to date. No migration necessary.
15:59:42.816 [main] INFO  o.h.jpa.internal.util.LogHelper - HHH000204: Processing PersistenceUnitInfo [name: default]
15:59:42.857 [main] INFO  org.hibernate.Version - HHH000412: Hibernate ORM core version 6.4.4.Final
15:59:42.881 [main] INFO  o.h.c.i.RegionFactoryInitiator - HHH000026: Second-level cache disabled
15:59:43.034 [main] INFO  o.s.o.j.p.SpringPersistenceUnitInfo - No LoadTimeWeaver setup: ignoring JPA class transformer
15:59:43.090 [main] WARN  org.hibernate.dialect.Dialect - HHH000511: The 10.21.0 version for [org.hibernate.dialect.PostgreSQLDialect] is no longer supported, hence certain features may not work properly. The minimum supported version is 12.0.0. Check the community dialects project for available legacy versions.
15:59:43.790 [main] INFO  o.h.e.t.j.p.i.JtaPlatformInitiator - HHH000489: No JTA platform available (set 'hibernate.transaction.jta.platform' to enable JTA platform integration)
15:59:43.792 [main] INFO  o.s.o.j.LocalContainerEntityManagerFactoryBean - Initialized JPA EntityManagerFactory for persistence unit 'default'
15:59:43.959 [main] INFO  o.s.d.j.r.query.QueryEnhancerFactory - Hibernate is in classpath; If applicable, HQL parser will be used.
15:59:44.863 [main] WARN  o.s.b.a.o.j.JpaBaseConfiguration$JpaWebConfiguration - spring.jpa.open-in-view is enabled by default. Therefore, database queries may be performed during view rendering. Explicitly configure spring.jpa.open-in-view to disable this warning
15:59:45.206 [main] INFO  o.s.s.web.DefaultSecurityFilterChain - Will secure any request with [org.springframework.security.web.session.DisableEncodeUrlFilter@525b416f, org.springframework.security.web.context.request.async.WebAsyncManagerIntegrationFilter@ec50502, org.springframework.security.web.context.SecurityContextHolderFilter@1da78c7c, org.springframework.security.web.header.HeaderWriterFilter@4a084cf0, org.springframework.web.filter.CorsFilter@79442196, org.springframework.security.web.authentication.logout.LogoutFilter@5633e852, com.example.task.jwt.JwtAuthenticationFilter@5698a866, org.springframework.security.web.authentication.www.BasicAuthenticationFilter@238fd9cc, org.springframework.security.web.savedrequest.RequestCacheAwareFilter@2cd2fdd8, org.springframework.security.web.servletapi.SecurityContextHolderAwareRequestFilter@7018c94, org.springframework.security.web.authentication.AnonymousAuthenticationFilter@587b24b5, org.springframework.security.web.access.ExceptionTranslationFilter@781f8d26, org.springframework.security.web.access.intercept.AuthorizationFilter@66a74cba]
15:59:45.672 [main] INFO  o.a.coyote.http11.Http11NioProtocol - Starting ProtocolHandler ["http-nio-8080"]
15:59:45.681 [main] INFO  o.s.b.w.e.tomcat.TomcatWebServer - Tomcat started on port 8080 (http) with context path ''
15:59:45.691 [main] INFO  com.example.task.TaskApplication - Started TaskApplication in 5.094 seconds (process running for 5.703)
15:59:59.346 [http-nio-8080-exec-1] INFO  o.a.c.c.C.[Tomcat].[localhost].[/] - Initializing Spring DispatcherServlet 'dispatcherServlet'
15:59:59.346 [http-nio-8080-exec-1] INFO  o.s.web.servlet.DispatcherServlet - Initializing Servlet 'dispatcherServlet'
15:59:59.350 [http-nio-8080-exec-1] INFO  o.s.web.servlet.DispatcherServlet - Completed initialization in 4 ms
15:59:59.551 [http-nio-8080-exec-1] INFO  c.example.task.aspect.AspectLogging - Username: jlet4uk - ENTER:com.example.task.service.impl.ApplicationServiceAuditImpl.create()
15:59:59.588 [http-nio-8080-exec-1] WARN  o.h.e.jdbc.spi.SqlExceptionHelper - SQL Error: 0, SQLState: 42703
15:59:59.589 [http-nio-8080-exec-1] ERROR o.h.e.jdbc.spi.SqlExceptionHelper - ERROR: column "dtype" of relation "application" does not exist
  Position: 115
