924  [main] INFO  com.example.task.TaskApplication - Starting TaskApplication using Java 17.0.9 with PID 82308 (/Users/sarinzankazbekov/IdeaProjects/Task/target/classes started by sarinzankazbekov in /Users/sarinzankazbekov/IdeaProjects/Task)
930  [main] INFO  com.example.task.TaskApplication - No active profile set, falling back to 1 default profile: "default"
1960 [main] INFO  o.s.d.r.c.RepositoryConfigurationDelegate - Multiple Spring Data modules found, entering strict repository configuration mode
1962 [main] INFO  o.s.d.r.c.RepositoryConfigurationDelegate - Bootstrapping Spring Data JPA repositories in DEFAULT mode.
2104 [main] INFO  o.s.d.r.c.RepositoryConfigurationDelegate - Finished Spring Data repository scanning in 135 ms. Found 3 JPA repository interfaces.
2119 [main] INFO  o.s.d.r.c.RepositoryConfigurationDelegate - Multiple Spring Data modules found, entering strict repository configuration mode
2120 [main] INFO  o.s.d.r.c.RepositoryConfigurationDelegate - Bootstrapping Spring Data Redis repositories in DEFAULT mode.
2130 [main] INFO  o.s.d.r.c.RepositoryConfigurationExtensionSupport - Spring Data Redis - Could not safely identify store assignment for repository candidate interface com.example.task.repository.ApplicationRepository; If you want this repository to be a Redis repository, consider annotating your entities with one of these annotations: org.springframework.data.redis.core.RedisHash (preferred), or consider extending one of the following types with your repository: org.springframework.data.keyvalue.repository.KeyValueRepository
2130 [main] INFO  o.s.d.r.c.RepositoryConfigurationExtensionSupport - Spring Data Redis - Could not safely identify store assignment for repository candidate interface com.example.task.repository.AttachmentRepository; If you want this repository to be a Redis repository, consider annotating your entities with one of these annotations: org.springframework.data.redis.core.RedisHash (preferred), or consider extending one of the following types with your repository: org.springframework.data.keyvalue.repository.KeyValueRepository
2130 [main] INFO  o.s.d.r.c.RepositoryConfigurationExtensionSupport - Spring Data Redis - Could not safely identify store assignment for repository candidate interface com.example.task.repository.UsersRepository; If you want this repository to be a Redis repository, consider annotating your entities with one of these annotations: org.springframework.data.redis.core.RedisHash (preferred), or consider extending one of the following types with your repository: org.springframework.data.keyvalue.repository.KeyValueRepository
2130 [main] INFO  o.s.d.r.c.RepositoryConfigurationDelegate - Finished Spring Data repository scanning in 4 ms. Found 0 Redis repository interfaces.
2548 [main] INFO  o.s.b.w.e.tomcat.TomcatWebServer - Tomcat initialized with port 8080 (http)
2554 [main] INFO  o.a.coyote.http11.Http11NioProtocol - Initializing ProtocolHandler ["http-nio-8080"]
2555 [main] INFO  o.a.catalina.core.StandardService - Starting service [Tomcat]
2555 [main] INFO  o.a.catalina.core.StandardEngine - Starting Servlet engine: [Apache Tomcat/10.1.20]
2591 [main] INFO  o.a.c.c.C.[Tomcat].[localhost].[/] - Initializing Spring embedded WebApplicationContext
2591 [main] INFO  o.s.b.w.s.c.ServletWebServerApplicationContext - Root WebApplicationContext: initialization completed in 1609 ms
2823 [main] INFO  com.zaxxer.hikari.HikariDataSource - HikariPool-1 - Starting...
2918 [main] INFO  com.zaxxer.hikari.pool.HikariPool - HikariPool-1 - Added connection org.postgresql.jdbc.PgConnection@4aac81ca
2918 [main] INFO  com.zaxxer.hikari.HikariDataSource - HikariPool-1 - Start completed.
2969 [main] INFO  o.f.c.i.license.VersionPrinter - Flyway Community Edition 9.22.3 by Redgate
2969 [main] INFO  o.f.c.i.license.VersionPrinter - See release notes here: https://rd.gt/416ObMi
2969 [main] INFO  o.f.c.i.license.VersionPrinter - 
2980 [main] INFO  org.flywaydb.core.FlywayExecutor - Database: jdbc:postgresql://localhost:5432/application (PostgreSQL 10.21)
3009 [main] INFO  o.f.c.internal.command.DbValidate - Successfully validated 2 migrations (execution time 00:00.016s)
3026 [main] INFO  o.f.core.internal.command.DbMigrate - Current version of schema "public": 1.1719126431
3028 [main] INFO  o.f.core.internal.command.DbMigrate - Schema "public" is up to date. No migration necessary.
3110 [main] INFO  o.h.jpa.internal.util.LogHelper - HHH000204: Processing PersistenceUnitInfo [name: default]
3150 [main] INFO  org.hibernate.Version - HHH000412: Hibernate ORM core version 6.4.4.Final
3173 [main] INFO  o.h.c.i.RegionFactoryInitiator - HHH000026: Second-level cache disabled
3338 [main] INFO  o.s.o.j.p.SpringPersistenceUnitInfo - No LoadTimeWeaver setup: ignoring JPA class transformer
3385 [main] WARN  org.hibernate.dialect.Dialect - HHH000511: The 10.21.0 version for [org.hibernate.dialect.PostgreSQLDialect] is no longer supported, hence certain features may not work properly. The minimum supported version is 12.0.0. Check the community dialects project for available legacy versions.
4027 [main] INFO  o.h.e.t.j.p.i.JtaPlatformInitiator - HHH000489: No JTA platform available (set 'hibernate.transaction.jta.platform' to enable JTA platform integration)
4029 [main] INFO  o.s.o.j.LocalContainerEntityManagerFactoryBean - Initialized JPA EntityManagerFactory for persistence unit 'default'
4181 [main] INFO  o.s.d.j.r.q.QueryEnhancerFactory - Hibernate is in classpath; If applicable, HQL parser will be used.
4989 [main] WARN  o.s.b.a.o.j.JpaBaseConfiguration$JpaWebConfiguration - spring.jpa.open-in-view is enabled by default. Therefore, database queries may be performed during view rendering. Explicitly configure spring.jpa.open-in-view to disable this warning
5330 [main] INFO  o.s.s.w.DefaultSecurityFilterChain - Will secure any request with [org.springframework.security.web.session.DisableEncodeUrlFilter@7c63146c, org.springframework.security.web.context.request.async.WebAsyncManagerIntegrationFilter@5b2235a5, org.springframework.security.web.context.SecurityContextHolderFilter@7c4b5d13, org.springframework.security.web.header.HeaderWriterFilter@45a33515, org.springframework.web.filter.CorsFilter@5af6378e, org.springframework.security.web.authentication.logout.LogoutFilter@6e9e4332, com.example.task.jwt.JwtAuthenticationFilter@654322b0, org.springframework.security.web.authentication.www.BasicAuthenticationFilter@187b33de, org.springframework.security.web.savedrequest.RequestCacheAwareFilter@23707d5d, org.springframework.security.web.servletapi.SecurityContextHolderAwareRequestFilter@5fa49615, org.springframework.security.web.authentication.AnonymousAuthenticationFilter@205b3a1a, org.springframework.security.web.access.ExceptionTranslationFilter@22a7d2f2, org.springframework.security.web.access.intercept.AuthorizationFilter@3662309d]
5757 [main] INFO  o.a.coyote.http11.Http11NioProtocol - Starting ProtocolHandler ["http-nio-8080"]
5765 [main] INFO  o.s.b.w.e.tomcat.TomcatWebServer - Tomcat started on port 8080 (http) with context path ''
5774 [main] INFO  com.example.task.TaskApplication - Started TaskApplication in 5.614 seconds (process running for 6.332)
31644 [SpringApplicationShutdownHook] INFO  o.s.o.j.LocalContainerEntityManagerFactoryBean - Closing JPA EntityManagerFactory for persistence unit 'default'
31652 [SpringApplicationShutdownHook] INFO  com.zaxxer.hikari.HikariDataSource - HikariPool-1 - Shutdown initiated...
31655 [SpringApplicationShutdownHook] INFO  com.zaxxer.hikari.HikariDataSource - HikariPool-1 - Shutdown completed.
11:28:34.620 [main] INFO  com.example.task.TaskApplication - Starting TaskApplication using Java 17.0.9 with PID 82321 (/Users/sarinzankazbekov/IdeaProjects/Task/target/classes started by sarinzankazbekov in /Users/sarinzankazbekov/IdeaProjects/Task)
11:28:34.621 [main] INFO  com.example.task.TaskApplication - No active profile set, falling back to 1 default profile: "default"
11:28:35.270 [main] INFO  o.s.d.r.c.RepositoryConfigurationDelegate - Multiple Spring Data modules found, entering strict repository configuration mode
11:28:35.271 [main] INFO  o.s.d.r.c.RepositoryConfigurationDelegate - Bootstrapping Spring Data JPA repositories in DEFAULT mode.
11:28:35.397 [main] INFO  o.s.d.r.c.RepositoryConfigurationDelegate - Finished Spring Data repository scanning in 121 ms. Found 3 JPA repository interfaces.
11:28:35.411 [main] INFO  o.s.d.r.c.RepositoryConfigurationDelegate - Multiple Spring Data modules found, entering strict repository configuration mode
11:28:35.412 [main] INFO  o.s.d.r.c.RepositoryConfigurationDelegate - Bootstrapping Spring Data Redis repositories in DEFAULT mode.
11:28:35.423 [main] INFO  o.s.d.r.c.RepositoryConfigurationExtensionSupport - Spring Data Redis - Could not safely identify store assignment for repository candidate interface com.example.task.repository.ApplicationRepository; If you want this repository to be a Redis repository, consider annotating your entities with one of these annotations: org.springframework.data.redis.core.RedisHash (preferred), or consider extending one of the following types with your repository: org.springframework.data.keyvalue.repository.KeyValueRepository
11:28:35.423 [main] INFO  o.s.d.r.c.RepositoryConfigurationExtensionSupport - Spring Data Redis - Could not safely identify store assignment for repository candidate interface com.example.task.repository.AttachmentRepository; If you want this repository to be a Redis repository, consider annotating your entities with one of these annotations: org.springframework.data.redis.core.RedisHash (preferred), or consider extending one of the following types with your repository: org.springframework.data.keyvalue.repository.KeyValueRepository
11:28:35.423 [main] INFO  o.s.d.r.c.RepositoryConfigurationExtensionSupport - Spring Data Redis - Could not safely identify store assignment for repository candidate interface com.example.task.repository.UsersRepository; If you want this repository to be a Redis repository, consider annotating your entities with one of these annotations: org.springframework.data.redis.core.RedisHash (preferred), or consider extending one of the following types with your repository: org.springframework.data.keyvalue.repository.KeyValueRepository
11:28:35.423 [main] INFO  o.s.d.r.c.RepositoryConfigurationDelegate - Finished Spring Data repository scanning in 5 ms. Found 0 Redis repository interfaces.
11:28:35.861 [main] INFO  o.s.b.w.e.tomcat.TomcatWebServer - Tomcat initialized with port 8080 (http)
11:28:35.867 [main] INFO  o.a.coyote.http11.Http11NioProtocol - Initializing ProtocolHandler ["http-nio-8080"]
11:28:35.868 [main] INFO  o.a.catalina.core.StandardService - Starting service [Tomcat]
11:28:35.868 [main] INFO  o.a.catalina.core.StandardEngine - Starting Servlet engine: [Apache Tomcat/10.1.20]
11:28:35.911 [main] INFO  o.a.c.c.C.[Tomcat].[localhost].[/] - Initializing Spring embedded WebApplicationContext
11:28:35.911 [main] INFO  o.s.b.w.s.c.ServletWebServerApplicationContext - Root WebApplicationContext: initialization completed in 1253 ms
11:28:36.139 [main] INFO  com.zaxxer.hikari.HikariDataSource - HikariPool-1 - Starting...
11:28:36.240 [main] INFO  com.zaxxer.hikari.pool.HikariPool - HikariPool-1 - Added connection org.postgresql.jdbc.PgConnection@6a6e9289
11:28:36.241 [main] INFO  com.zaxxer.hikari.HikariDataSource - HikariPool-1 - Start completed.
11:28:36.298 [main] INFO  o.f.c.i.license.VersionPrinter - Flyway Community Edition 9.22.3 by Redgate
11:28:36.298 [main] INFO  o.f.c.i.license.VersionPrinter - See release notes here: https://rd.gt/416ObMi
11:28:36.298 [main] INFO  o.f.c.i.license.VersionPrinter - 
11:28:36.309 [main] INFO  org.flywaydb.core.FlywayExecutor - Database: jdbc:postgresql://localhost:5432/application (PostgreSQL 10.21)
11:28:36.349 [main] INFO  o.f.core.internal.command.DbValidate - Successfully validated 2 migrations (execution time 00:00.021s)
11:28:36.362 [main] INFO  o.f.core.internal.command.DbMigrate - Current version of schema "public": 1.1719126431
11:28:36.364 [main] INFO  o.f.core.internal.command.DbMigrate - Schema "public" is up to date. No migration necessary.
11:28:36.436 [main] INFO  o.h.jpa.internal.util.LogHelper - HHH000204: Processing PersistenceUnitInfo [name: default]
11:28:36.475 [main] INFO  org.hibernate.Version - HHH000412: Hibernate ORM core version 6.4.4.Final
11:28:36.498 [main] INFO  o.h.c.i.RegionFactoryInitiator - HHH000026: Second-level cache disabled
11:28:36.653 [main] INFO  o.s.o.j.p.SpringPersistenceUnitInfo - No LoadTimeWeaver setup: ignoring JPA class transformer
11:28:36.704 [main] WARN  org.hibernate.dialect.Dialect - HHH000511: The 10.21.0 version for [org.hibernate.dialect.PostgreSQLDialect] is no longer supported, hence certain features may not work properly. The minimum supported version is 12.0.0. Check the community dialects project for available legacy versions.
11:28:37.361 [main] INFO  o.h.e.t.j.p.i.JtaPlatformInitiator - HHH000489: No JTA platform available (set 'hibernate.transaction.jta.platform' to enable JTA platform integration)
11:28:37.363 [main] INFO  o.s.o.j.LocalContainerEntityManagerFactoryBean - Initialized JPA EntityManagerFactory for persistence unit 'default'
11:28:37.525 [main] INFO  o.s.d.j.r.query.QueryEnhancerFactory - Hibernate is in classpath; If applicable, HQL parser will be used.
11:28:38.498 [main] WARN  o.s.b.a.o.j.JpaBaseConfiguration$JpaWebConfiguration - spring.jpa.open-in-view is enabled by default. Therefore, database queries may be performed during view rendering. Explicitly configure spring.jpa.open-in-view to disable this warning
11:28:38.867 [main] INFO  o.s.s.web.DefaultSecurityFilterChain - Will secure any request with [org.springframework.security.web.session.DisableEncodeUrlFilter@7269674d, org.springframework.security.web.context.request.async.WebAsyncManagerIntegrationFilter@187b33de, org.springframework.security.web.context.SecurityContextHolderFilter@558fe3b0, org.springframework.security.web.header.HeaderWriterFilter@5d0d1e50, org.springframework.web.filter.CorsFilter@e39df43, org.springframework.security.web.authentication.logout.LogoutFilter@7c8ec235, com.example.task.jwt.JwtAuthenticationFilter@4f355321, org.springframework.security.web.authentication.www.BasicAuthenticationFilter@4c32d208, org.springframework.security.web.savedrequest.RequestCacheAwareFilter@2c8d8934, org.springframework.security.web.servletapi.SecurityContextHolderAwareRequestFilter@69e67993, org.springframework.security.web.authentication.AnonymousAuthenticationFilter@3dcb28de, org.springframework.security.web.access.ExceptionTranslationFilter@5565fc22, org.springframework.security.web.access.intercept.AuthorizationFilter@30eb427c]
11:28:39.315 [main] INFO  o.a.coyote.http11.Http11NioProtocol - Starting ProtocolHandler ["http-nio-8080"]
11:28:39.328 [main] INFO  o.s.b.w.e.tomcat.TomcatWebServer - Tomcat started on port 8080 (http) with context path ''
11:28:39.339 [main] INFO  com.example.task.TaskApplication - Started TaskApplication in 5.115 seconds (process running for 5.951)
